<?xml version="1.0" encoding="UTF-8"?>
<testsuites disabled="0" errors="0" failures="0" tests="1" time="38">
<testsuite disabled="0" errors="0" failures="0" name="test6_formal_verification_timer_tryToTest_Testbench" skipped="0" tests="1" time="38">
<properties>
<property name="os" value="posix"/>
</properties>
<testcase classname="test6_formal_verification_timer_tryToTest_Testbench" name="default" status="PASS" time="38">
<system-out>SBY 10:12:44 [test6_formal_verification_timer_tryToTest_Testbench] Removing directory '/home/ubuntu/from_host/x/Documents/git_repos/gateware/amtest/tests2_feb2022/test6_formal_verification_timer_tryToTest_Testbench'.
SBY 10:12:44 [test6_formal_verification_timer_tryToTest_Testbench] Writing 'test6_formal_verification_timer_tryToTest_Testbench/src/top.il'.
SBY 10:12:44 [test6_formal_verification_timer_tryToTest_Testbench] engine_0: smtbmc
SBY 10:12:44 [test6_formal_verification_timer_tryToTest_Testbench] base: starting process &quot;cd test6_formal_verification_timer_tryToTest_Testbench/src; yosys -ql ../model/design.log ../model/design.ys&quot;
SBY 10:12:44 [test6_formal_verification_timer_tryToTest_Testbench] base: finished (returncode=0)
SBY 10:12:44 [test6_formal_verification_timer_tryToTest_Testbench] smt2: starting process &quot;cd test6_formal_verification_timer_tryToTest_Testbench/model; yosys -ql design_smt2.log design_smt2.ys&quot;
SBY 10:12:44 [test6_formal_verification_timer_tryToTest_Testbench] smt2: finished (returncode=0)
SBY 10:12:44 [test6_formal_verification_timer_tryToTest_Testbench] engine_0: starting process &quot;cd test6_formal_verification_timer_tryToTest_Testbench; yosys-smtbmc --presat --unroll -c --noprogress -t 200  --append 0 --dump-vcd engine_0/trace%.vcd --dump-vlogtb engine_0/trace%_tb.v --dump-smtc engine_0/trace%.smtc model/design_smt2.smt2&quot;
SBY 10:12:44 [test6_formal_verification_timer_tryToTest_Testbench] engine_0: ##   0:00:00  Solver: yices
SBY 10:12:44 [test6_formal_verification_timer_tryToTest_Testbench] engine_0: ##   0:00:00  Checking cover reachability in step 0..
SBY 10:12:44 [test6_formal_verification_timer_tryToTest_Testbench] engine_0: ##   0:00:00  Checking cover reachability in step 1..
SBY 10:12:44 [test6_formal_verification_timer_tryToTest_Testbench] engine_0: ##   0:00:00  Checking cover reachability in step 2..
SBY 10:12:44 [test6_formal_verification_timer_tryToTest_Testbench] engine_0: ##   0:00:00  Checking cover reachability in step 3..
SBY 10:12:44 [test6_formal_verification_timer_tryToTest_Testbench] engine_0: ##   0:00:00  Checking cover reachability in step 4..
SBY 10:12:44 [test6_formal_verification_timer_tryToTest_Testbench] engine_0: ##   0:00:00  Checking cover reachability in step 5..
SBY 10:12:45 [test6_formal_verification_timer_tryToTest_Testbench] engine_0: ##   0:00:00  Checking cover reachability in step 6..
SBY 10:12:45 [test6_formal_verification_timer_tryToTest_Testbench] engine_0: ##   0:00:00  Checking cover reachability in step 7..
SBY 10:12:45 [test6_formal_verification_timer_tryToTest_Testbench] engine_0: ##   0:00:00  Checking cover reachability in step 8..
SBY 10:12:45 [test6_formal_verification_timer_tryToTest_Testbench] engine_0: ##   0:00:00  Checking cover reachability in step 9..
SBY 10:12:45 [test6_formal_verification_timer_tryToTest_Testbench] engine_0: ##   0:00:00  Checking cover reachability in step 10..
SBY 10:12:45 [test6_formal_verification_timer_tryToTest_Testbench] engine_0: ##   0:00:00  Checking cover reachability in step 11..
SBY 10:12:45 [test6_formal_verification_timer_tryToTest_Testbench] engine_0: ##   0:00:00  Checking cover reachability in step 12..
SBY 10:12:45 [test6_formal_verification_timer_tryToTest_Testbench] engine_0: ##   0:00:00  Checking cover reachability in step 13..
SBY 10:12:45 [test6_formal_verification_timer_tryToTest_Testbench] engine_0: ##   0:00:00  Checking cover reachability in step 14..
SBY 10:12:45 [test6_formal_verification_timer_tryToTest_Testbench] engine_0: ##   0:00:00  Checking cover reachability in step 15..
SBY 10:12:45 [test6_formal_verification_timer_tryToTest_Testbench] engine_0: ##   0:00:00  Checking cover reachability in step 16..
SBY 10:12:45 [test6_formal_verification_timer_tryToTest_Testbench] engine_0: ##   0:00:00  Checking cover reachability in step 17..
SBY 10:12:45 [test6_formal_verification_timer_tryToTest_Testbench] engine_0: ##   0:00:00  Checking cover reachability in step 18..
SBY 10:12:45 [test6_formal_verification_timer_tryToTest_Testbench] engine_0: ##   0:00:00  Checking cover reachability in step 19..
SBY 10:12:45 [test6_formal_verification_timer_tryToTest_Testbench] engine_0: ##   0:00:00  Checking cover reachability in step 20..
SBY 10:12:45 [test6_formal_verification_timer_tryToTest_Testbench] engine_0: ##   0:00:00  Checking cover reachability in step 21..
SBY 10:12:45 [test6_formal_verification_timer_tryToTest_Testbench] engine_0: ##   0:00:00  Checking cover reachability in step 22..
SBY 10:12:45 [test6_formal_verification_timer_tryToTest_Testbench] engine_0: ##   0:00:00  Checking cover reachability in step 23..
SBY 10:12:45 [test6_formal_verification_timer_tryToTest_Testbench] engine_0: ##   0:00:00  Checking cover reachability in step 24..
SBY 10:12:45 [test6_formal_verification_timer_tryToTest_Testbench] engine_0: ##   0:00:00  Checking cover reachability in step 25..
SBY 10:12:45 [test6_formal_verification_timer_tryToTest_Testbench] engine_0: ##   0:00:00  Checking cover reachability in step 26..
SBY 10:12:45 [test6_formal_verification_timer_tryToTest_Testbench] engine_0: ##   0:00:00  Checking cover reachability in step 27..
SBY 10:12:45 [test6_formal_verification_timer_tryToTest_Testbench] engine_0: ##   0:00:00  Checking cover reachability in step 28..
SBY 10:12:45 [test6_formal_verification_timer_tryToTest_Testbench] engine_0: ##   0:00:00  Checking cover reachability in step 29..
SBY 10:12:45 [test6_formal_verification_timer_tryToTest_Testbench] engine_0: ##   0:00:01  Checking cover reachability in step 30..
SBY 10:12:46 [test6_formal_verification_timer_tryToTest_Testbench] engine_0: ##   0:00:01  Checking cover reachability in step 31..
SBY 10:12:46 [test6_formal_verification_timer_tryToTest_Testbench] engine_0: ##   0:00:01  Checking cover reachability in step 32..
SBY 10:12:46 [test6_formal_verification_timer_tryToTest_Testbench] engine_0: ##   0:00:01  Checking cover reachability in step 33..
SBY 10:12:46 [test6_formal_verification_timer_tryToTest_Testbench] engine_0: ##   0:00:01  Checking cover reachability in step 34..
SBY 10:12:46 [test6_formal_verification_timer_tryToTest_Testbench] engine_0: ##   0:00:01  Checking cover reachability in step 35..
SBY 10:12:46 [test6_formal_verification_timer_tryToTest_Testbench] engine_0: ##   0:00:01  Checking cover reachability in step 36..
SBY 10:12:46 [test6_formal_verification_timer_tryToTest_Testbench] engine_0: ##   0:00:01  Checking cover reachability in step 37..
SBY 10:12:46 [test6_formal_verification_timer_tryToTest_Testbench] engine_0: ##   0:00:01  Checking cover reachability in step 38..
SBY 10:12:46 [test6_formal_verification_timer_tryToTest_Testbench] engine_0: ##   0:00:01  Checking cover reachability in step 39..
SBY 10:12:47 [test6_formal_verification_timer_tryToTest_Testbench] engine_0: ##   0:00:02  Checking cover reachability in step 40..
SBY 10:12:47 [test6_formal_verification_timer_tryToTest_Testbench] engine_0: ##   0:00:02  Checking cover reachability in step 41..
SBY 10:12:47 [test6_formal_verification_timer_tryToTest_Testbench] engine_0: ##   0:00:02  Checking cover reachability in step 42..
SBY 10:12:47 [test6_formal_verification_timer_tryToTest_Testbench] engine_0: ##   0:00:02  Checking cover reachability in step 43..
SBY 10:12:47 [test6_formal_verification_timer_tryToTest_Testbench] engine_0: ##   0:00:02  Checking cover reachability in step 44..
SBY 10:12:47 [test6_formal_verification_timer_tryToTest_Testbench] engine_0: ##   0:00:02  Checking cover reachability in step 45..
SBY 10:12:48 [test6_formal_verification_timer_tryToTest_Testbench] engine_0: ##   0:00:03  Checking cover reachability in step 46..
SBY 10:12:48 [test6_formal_verification_timer_tryToTest_Testbench] engine_0: ##   0:00:03  Checking cover reachability in step 47..
SBY 10:12:48 [test6_formal_verification_timer_tryToTest_Testbench] engine_0: ##   0:00:03  Checking cover reachability in step 48..
SBY 10:12:48 [test6_formal_verification_timer_tryToTest_Testbench] engine_0: ##   0:00:03  Checking cover reachability in step 49..
SBY 10:12:48 [test6_formal_verification_timer_tryToTest_Testbench] engine_0: ##   0:00:03  Checking cover reachability in step 50..
SBY 10:12:48 [test6_formal_verification_timer_tryToTest_Testbench] engine_0: ##   0:00:03  Checking cover reachability in step 51..
SBY 10:12:49 [test6_formal_verification_timer_tryToTest_Testbench] engine_0: ##   0:00:04  Checking cover reachability in step 52..
SBY 10:12:49 [test6_formal_verification_timer_tryToTest_Testbench] engine_0: ##   0:00:04  Checking cover reachability in step 53..
SBY 10:12:49 [test6_formal_verification_timer_tryToTest_Testbench] engine_0: ##   0:00:04  Checking cover reachability in step 54..
SBY 10:12:49 [test6_formal_verification_timer_tryToTest_Testbench] engine_0: ##   0:00:04  Checking cover reachability in step 55..
SBY 10:12:50 [test6_formal_verification_timer_tryToTest_Testbench] engine_0: ##   0:00:05  Checking cover reachability in step 56..
SBY 10:12:50 [test6_formal_verification_timer_tryToTest_Testbench] engine_0: ##   0:00:05  Checking cover reachability in step 57..
SBY 10:12:50 [test6_formal_verification_timer_tryToTest_Testbench] engine_0: ##   0:00:05  Checking cover reachability in step 58..
SBY 10:12:50 [test6_formal_verification_timer_tryToTest_Testbench] engine_0: ##   0:00:05  Checking cover reachability in step 59..
SBY 10:12:51 [test6_formal_verification_timer_tryToTest_Testbench] engine_0: ##   0:00:06  Checking cover reachability in step 60..
SBY 10:12:51 [test6_formal_verification_timer_tryToTest_Testbench] engine_0: ##   0:00:06  Checking cover reachability in step 61..
SBY 10:12:51 [test6_formal_verification_timer_tryToTest_Testbench] engine_0: ##   0:00:06  Checking cover reachability in step 62..
SBY 10:12:52 [test6_formal_verification_timer_tryToTest_Testbench] engine_0: ##   0:00:07  Checking cover reachability in step 63..
SBY 10:12:52 [test6_formal_verification_timer_tryToTest_Testbench] engine_0: ##   0:00:07  Checking cover reachability in step 64..
SBY 10:12:52 [test6_formal_verification_timer_tryToTest_Testbench] engine_0: ##   0:00:07  Checking cover reachability in step 65..
SBY 10:12:53 [test6_formal_verification_timer_tryToTest_Testbench] engine_0: ##   0:00:08  Checking cover reachability in step 66..
SBY 10:12:53 [test6_formal_verification_timer_tryToTest_Testbench] engine_0: ##   0:00:08  Checking cover reachability in step 67..
SBY 10:12:53 [test6_formal_verification_timer_tryToTest_Testbench] engine_0: ##   0:00:08  Checking cover reachability in step 68..
SBY 10:12:54 [test6_formal_verification_timer_tryToTest_Testbench] engine_0: ##   0:00:09  Checking cover reachability in step 69..
SBY 10:12:54 [test6_formal_verification_timer_tryToTest_Testbench] engine_0: ##   0:00:09  Checking cover reachability in step 70..
SBY 10:12:55 [test6_formal_verification_timer_tryToTest_Testbench] engine_0: ##   0:00:10  Checking cover reachability in step 71..
SBY 10:12:55 [test6_formal_verification_timer_tryToTest_Testbench] engine_0: ##   0:00:10  Checking cover reachability in step 72..
SBY 10:12:55 [test6_formal_verification_timer_tryToTest_Testbench] engine_0: ##   0:00:11  Checking cover reachability in step 73..
SBY 10:12:56 [test6_formal_verification_timer_tryToTest_Testbench] engine_0: ##   0:00:11  Checking cover reachability in step 74..
SBY 10:12:56 [test6_formal_verification_timer_tryToTest_Testbench] engine_0: ##   0:00:11  Checking cover reachability in step 75..
SBY 10:12:57 [test6_formal_verification_timer_tryToTest_Testbench] engine_0: ##   0:00:12  Checking cover reachability in step 76..
SBY 10:12:57 [test6_formal_verification_timer_tryToTest_Testbench] engine_0: ##   0:00:12  Checking cover reachability in step 77..
SBY 10:12:58 [test6_formal_verification_timer_tryToTest_Testbench] engine_0: ##   0:00:13  Checking cover reachability in step 78..
SBY 10:12:58 [test6_formal_verification_timer_tryToTest_Testbench] engine_0: ##   0:00:13  Checking cover reachability in step 79..
SBY 10:12:59 [test6_formal_verification_timer_tryToTest_Testbench] engine_0: ##   0:00:14  Checking cover reachability in step 80..
SBY 10:13:00 [test6_formal_verification_timer_tryToTest_Testbench] engine_0: ##   0:00:15  Checking cover reachability in step 81..
SBY 10:13:00 [test6_formal_verification_timer_tryToTest_Testbench] engine_0: ##   0:00:15  Checking cover reachability in step 82..
SBY 10:13:01 [test6_formal_verification_timer_tryToTest_Testbench] engine_0: ##   0:00:16  Checking cover reachability in step 83..
SBY 10:13:01 [test6_formal_verification_timer_tryToTest_Testbench] engine_0: ##   0:00:16  Checking cover reachability in step 84..
SBY 10:13:02 [test6_formal_verification_timer_tryToTest_Testbench] engine_0: ##   0:00:17  Checking cover reachability in step 85..
SBY 10:13:03 [test6_formal_verification_timer_tryToTest_Testbench] engine_0: ##   0:00:18  Checking cover reachability in step 86..
SBY 10:13:03 [test6_formal_verification_timer_tryToTest_Testbench] engine_0: ##   0:00:18  Checking cover reachability in step 87..
SBY 10:13:04 [test6_formal_verification_timer_tryToTest_Testbench] engine_0: ##   0:00:19  Checking cover reachability in step 88..
SBY 10:13:05 [test6_formal_verification_timer_tryToTest_Testbench] engine_0: ##   0:00:20  Checking cover reachability in step 89..
SBY 10:13:05 [test6_formal_verification_timer_tryToTest_Testbench] engine_0: ##   0:00:20  Checking cover reachability in step 90..
SBY 10:13:06 [test6_formal_verification_timer_tryToTest_Testbench] engine_0: ##   0:00:21  Checking cover reachability in step 91..
SBY 10:13:07 [test6_formal_verification_timer_tryToTest_Testbench] engine_0: ##   0:00:22  Checking cover reachability in step 92..
SBY 10:13:07 [test6_formal_verification_timer_tryToTest_Testbench] engine_0: ##   0:00:23  Checking cover reachability in step 93..
SBY 10:13:08 [test6_formal_verification_timer_tryToTest_Testbench] engine_0: ##   0:00:23  Checking cover reachability in step 94..
SBY 10:13:09 [test6_formal_verification_timer_tryToTest_Testbench] engine_0: ##   0:00:24  Checking cover reachability in step 95..
SBY 10:13:10 [test6_formal_verification_timer_tryToTest_Testbench] engine_0: ##   0:00:25  Checking cover reachability in step 96..
SBY 10:13:11 [test6_formal_verification_timer_tryToTest_Testbench] engine_0: ##   0:00:26  Checking cover reachability in step 97..
SBY 10:13:12 [test6_formal_verification_timer_tryToTest_Testbench] engine_0: ##   0:00:27  Checking cover reachability in step 98..
SBY 10:13:13 [test6_formal_verification_timer_tryToTest_Testbench] engine_0: ##   0:00:28  Checking cover reachability in step 99..
SBY 10:13:14 [test6_formal_verification_timer_tryToTest_Testbench] engine_0: ##   0:00:29  Checking cover reachability in step 100..
SBY 10:13:15 [test6_formal_verification_timer_tryToTest_Testbench] engine_0: ##   0:00:30  Checking cover reachability in step 101..
SBY 10:13:15 [test6_formal_verification_timer_tryToTest_Testbench] engine_0: ##   0:00:30  Checking cover reachability in step 102..
SBY 10:13:16 [test6_formal_verification_timer_tryToTest_Testbench] engine_0: ##   0:00:31  Checking cover reachability in step 103..
SBY 10:13:18 [test6_formal_verification_timer_tryToTest_Testbench] engine_0: ##   0:00:33  Checking cover reachability in step 104..
SBY 10:13:18 [test6_formal_verification_timer_tryToTest_Testbench] engine_0: ##   0:00:34  Checking cover reachability in step 105..
SBY 10:13:19 [test6_formal_verification_timer_tryToTest_Testbench] engine_0: ##   0:00:34  Checking cover reachability in step 106..
SBY 10:13:20 [test6_formal_verification_timer_tryToTest_Testbench] engine_0: ##   0:00:35  Checking cover reachability in step 107..
SBY 10:13:21 [test6_formal_verification_timer_tryToTest_Testbench] engine_0: ##   0:00:36  Reached cover statement at test6_formal_verification_timer.py:125 in step 107.
SBY 10:13:21 [test6_formal_verification_timer_tryToTest_Testbench] engine_0: ##   0:00:36  Writing trace to VCD file: engine_0/trace0.vcd
SBY 10:13:22 [test6_formal_verification_timer_tryToTest_Testbench] engine_0: ##   0:00:37  Writing trace to Verilog testbench: engine_0/trace0_tb.v
SBY 10:13:22 [test6_formal_verification_timer_tryToTest_Testbench] engine_0: ##   0:00:37  Writing trace to constraints file: engine_0/trace0.smtc
SBY 10:13:22 [test6_formal_verification_timer_tryToTest_Testbench] engine_0: ##   0:00:37  Status: passed
SBY 10:13:22 [test6_formal_verification_timer_tryToTest_Testbench] engine_0: finished (returncode=0)
SBY 10:13:22 [test6_formal_verification_timer_tryToTest_Testbench] engine_0: Status returned by engine: pass
SBY 10:13:22 [test6_formal_verification_timer_tryToTest_Testbench] summary: Elapsed clock time [H:MM:SS (secs)]: 0:00:37 (37)
SBY 10:13:22 [test6_formal_verification_timer_tryToTest_Testbench] summary: Elapsed process time [H:MM:SS (secs)]: 0:00:38 (38)
SBY 10:13:22 [test6_formal_verification_timer_tryToTest_Testbench] summary: engine_0 (smtbmc) returned pass
SBY 10:13:22 [test6_formal_verification_timer_tryToTest_Testbench] summary: trace: test6_formal_verification_timer_tryToTest_Testbench/engine_0/trace0.vcd
SBY 10:13:22 [test6_formal_verification_timer_tryToTest_Testbench] DONE (PASS, rc=0)
</system-out></testcase></testsuite></testsuites>
